\BOOKMARK [1][-]{section.1}{ Introduction}{}% 1
\BOOKMARK [1][-]{section.2}{Related work}{}% 2
\BOOKMARK [2][-]{subsection.2.1}{Goal-conditioned value functions}{section.2}% 3
\BOOKMARK [2][-]{subsection.2.2}{Combining model-based and model-free methods}{section.2}% 4
\BOOKMARK [2][-]{subsection.2.3}{Navigation with mapping}{section.2}% 5
\BOOKMARK [2][-]{subsection.2.4}{Model free DRL }{section.2}% 6
\BOOKMARK [2][-]{subsection.2.5}{Model based DRL}{section.2}% 7
\BOOKMARK [2][-]{subsection.2.6}{Multi-goal navigation based papers}{section.2}% 8
\BOOKMARK [1][-]{section.3}{Background}{}% 9
\BOOKMARK [2][-]{subsection.3.1}{Dijkstra}{section.3}% 10
\BOOKMARK [2][-]{subsection.3.2}{Q-Learning}{section.3}% 11
\BOOKMARK [2][-]{subsection.3.3}{Floyd-Warshall}{section.3}% 12
\BOOKMARK [1][-]{section.4}{Problem definition}{}% 13
\BOOKMARK [2][-]{subsection.4.1}{Environment Setup}{section.4}% 14
\BOOKMARK [2][-]{subsection.4.2}{Why is this problem important?}{section.4}% 15
\BOOKMARK [2][-]{subsection.4.3}{Why is the problem hard?}{section.4}% 16
\BOOKMARK [1][-]{section.5}{Method}{}% 17
\BOOKMARK [1][-]{section.6}{Experiments}{}% 18
\BOOKMARK [2][-]{subsection.6.1}{Four room grid world}{section.6}% 19
\BOOKMARK [2][-]{subsection.6.2}{Four room windy world}{section.6}% 20
\BOOKMARK [2][-]{subsection.6.3}{Random Grid Worlds}{section.6}% 21
\BOOKMARK [2][-]{subsection.6.4}{Metrics}{section.6}% 22
\BOOKMARK [1][-]{section.7}{Results}{}% 23
\BOOKMARK [2][-]{subsection.7.1}{Conclusion}{section.7}% 24
